android/build/outputs/logs/manifest-merger-debug-report.txt
-- Merging decision tree log ---
manifest
ADDED from genexo\android\AndroidManifest.xml:2:1-77:12
	package
		ADDED from genexo\android\AndroidManifest.xml:3:5-29
		INJECTED from genexo\android\AndroidManifest.xml
		INJECTED from genexo\android\AndroidManifest.xml
	android:versionName
		ADDED from genexo\android\AndroidManifest.xml:5:5-30
		INJECTED from genexo\android\AndroidManifest.xml
		INJECTED from genexo\android\AndroidManifest.xml
	android:versionCode
		ADDED from genexo\android\AndroidManifest.xml:4:5-28
		INJECTED from genexo\android\AndroidManifest.xml
		INJECTED from genexo\android\AndroidManifest.xml
	xmlns:android
		ADDED from genexo\android\AndroidManifest.xml:2:11-69
uses-sdk
ADDED from genexo\android\AndroidManifest.xml:7:5-74
MERGED from [com.android.support:appcompat-v7:23.0.1] AndroidManifest.xml:20:5-43
MERGED from [com.android.support:support-v4:23.0.1] AndroidManifest.xml:20:5-43
MERGED from [com.android.support:design:23.0.1] AndroidManifest.xml:20:5-43
MERGED from [com.android.support:support-v4:23.0.1] AndroidManifest.xml:20:5-43
MERGED from [com.android.support:appcompat-v7:23.0.1] AndroidManifest.xml:20:5-43
MERGED from [com.android.support:support-v4:23.0.1] AndroidManifest.xml:20:5-43
MERGED from [com.android.support:recyclerview-v7:23.0.1] AndroidManifest.xml:20:5-43
MERGED from [com.android.support:support-v4:23.0.1] AndroidManifest.xml:20:5-43
MERGED from [com.android.support:cardview-v7:23.0.1] AndroidManifest.xml:20:5-43
	android:targetSdkVersion
		ADDED from genexo\android\AndroidManifest.xml:7:42-71
		INJECTED from genexo\android\AndroidManifest.xml
		INJECTED from genexo\android\AndroidManifest.xml
	android:minSdkVersion
		ADDED from genexo\android\AndroidManifest.xml:7:15-41
		INJECTED from genexo\android\AndroidManifest.xml
		INJECTED from genexo\android\AndroidManifest.xml
uses-permission#android.permission.INTERNET
ADDED from genexo\android\AndroidManifest.xml:9:5-66
	android:name
		ADDED from genexo\android\AndroidManifest.xml:9:22-64
uses-permission#android.permission.ACCESS_NETWORK_STATE
ADDED from genexo\android\AndroidManifest.xml:10:5-78
	android:name
		ADDED from genexo\android\AndroidManifest.xml:10:22-76
uses-permission#android.permission.WRITE_EXTERNAL_STORAGE
ADDED from genexo\android\AndroidManifest.xml:12:5-80
	android:name
		ADDED from genexo\android\AndroidManifest.xml:12:22-78
application
ADDED from genexo\android\AndroidManifest.xml:15:5-75:19
MERGED from [com.android.support:appcompat-v7:23.0.1] AndroidManifest.xml:22:5-20
MERGED from [com.android.support:support-v4:23.0.1] AndroidManifest.xml:22:5-20
MERGED from [com.android.support:design:23.0.1] AndroidManifest.xml:22:5-20
MERGED from [com.android.support:support-v4:23.0.1] AndroidManifest.xml:22:5-20
MERGED from [com.android.support:appcompat-v7:23.0.1] AndroidManifest.xml:22:5-20
MERGED from [com.android.support:support-v4:23.0.1] AndroidManifest.xml:22:5-20
MERGED from [com.android.support:support-v4:23.0.1] AndroidManifest.xml:22:5-20
MERGED from [com.android.support:cardview-v7:23.0.1] AndroidManifest.xml:22:5-20
	android:label
		ADDED from genexo\android\AndroidManifest.xml:18:9-41
	android:allowBackup
		ADDED from genexo\android\AndroidManifest.xml:16:9-35
	android:icon
		ADDED from genexo\android\AndroidManifest.xml:17:9-45
	android:theme
		ADDED from genexo\android\AndroidManifest.xml:20:9-40
activity#com.mygdx.game.AndroidLauncher
ADDED from genexo\android\AndroidManifest.xml:21:9-27:20
	android:screenOrientation
		ADDED from genexo\android\AndroidManifest.xml:24:13-50
	android:label
		ADDED from genexo\android\AndroidManifest.xml:23:13-45
	android:configChanges
		ADDED from genexo\android\AndroidManifest.xml:25:13-83
	android:name
		ADDED from genexo\android\AndroidManifest.xml:22:13-58
activity#com.mygdx.game.DataActivity
ADDED from genexo\android\AndroidManifest.xml:28:9-33:20
	android:screenOrientation
		ADDED from genexo\android\AndroidManifest.xml:29:13-50
	android:configChanges
		ADDED from genexo\android\AndroidManifest.xml:31:13-83
	android:name
		ADDED from genexo\android\AndroidManifest.xml:28:19-47
activity#com.mygdx.game.StartActivity
ADDED from genexo\android\AndroidManifest.xml:35:9-43:20
	android:screenOrientation
		ADDED from genexo\android\AndroidManifest.xml:36:13-50
	android:configChanges
		ADDED from genexo\android\AndroidManifest.xml:38:13-83
	android:name
		ADDED from genexo\android\AndroidManifest.xml:35:19-62
intent-filter#android.intent.action.MAIN+android.intent.category.LAUNCHER
ADDED from genexo\android\AndroidManifest.xml:39:13-42:29
action#android.intent.action.MAIN
ADDED from genexo\android\AndroidManifest.xml:40:17-69
	android:name
		ADDED from genexo\android\AndroidManifest.xml:40:25-66
category#android.intent.category.LAUNCHER
ADDED from genexo\android\AndroidManifest.xml:41:17-77
	android:name
		ADDED from genexo\android\AndroidManifest.xml:41:27-74
activity#com.mygdx.game.FormActivity
ADDED from genexo\android\AndroidManifest.xml:45:9-49:20
	android:screenOrientation
		ADDED from genexo\android\AndroidManifest.xml:46:13-50
	android:windowSoftInputMode
		ADDED from genexo\android\AndroidManifest.xml:48:13-55
	android:name
		ADDED from genexo\android\AndroidManifest.xml:45:19-47
activity#com.mygdx.game.RegulaminActivity
ADDED from genexo\android\AndroidManifest.xml:51:9-54:20
	android:screenOrientation
		ADDED from genexo\android\AndroidManifest.xml:52:13-50
	android:configChanges
		ADDED from genexo\android\AndroidManifest.xml:53:13-83
	android:name
		ADDED from genexo\android\AndroidManifest.xml:51:19-52
activity#com.mygdx.game.ZapraszamyActivity
ADDED from genexo\android\AndroidManifest.xml:56:9-59:20
	android:screenOrientation
		ADDED from genexo\android\AndroidManifest.xml:57:13-50
	android:configChanges
		ADDED from genexo\android\AndroidManifest.xml:58:13-83
	android:name
		ADDED from genexo\android\AndroidManifest.xml:56:19-53
activity#com.mygdx.game.ResendActivity
ADDED from genexo\android\AndroidManifest.xml:60:9-63:20
	android:screenOrientation
		ADDED from genexo\android\AndroidManifest.xml:61:13-50
	android:configChanges
		ADDED from genexo\android\AndroidManifest.xml:62:13-83
	android:name
		ADDED from genexo\android\AndroidManifest.xml:60:19-49
activity#com.mygdx.game.SendingDataActivity
ADDED from genexo\android\AndroidManifest.xml:65:9-68:20
	android:screenOrientation
		ADDED from genexo\android\AndroidManifest.xml:66:13-50
	android:configChanges
		ADDED from genexo\android\AndroidManifest.xml:67:13-83
	android:name
		ADDED from genexo\android\AndroidManifest.xml:65:19-54
activity#com.mygdx.game.PodiumActivity
ADDED from genexo\android\AndroidManifest.xml:69:9-72:20
	android:screenOrientation
		ADDED from genexo\android\AndroidManifest.xml:70:13-50
	android:configChanges
		ADDED from genexo\android\AndroidManifest.xml:71:13-83
	android:name
		ADDED from genexo\android\AndroidManifest.xml:69:19-49